<?xml version="1.0" encoding="UTF-8"?>
<!-- Generated by org.testng.reporters.JUnitXMLReporter -->
<testsuite ignored="0" hostname="MPL-6YL7573" failures="0" tests="5" name="Surefire test" time="29.269" errors="0" timestamp="2024-12-03T23:36:41 IST">
  <testcase classname="com.project.automaxn.BaseTest" name="@BeforeMethod setUp" time="0.006">
    <failure type="java.lang.ExceptionInInitializerError">
      <![CDATA[java.lang.ExceptionInInitializerError
at com.project.automaxn.utils.DriverManager.getDriver(DriverManager.java:26)
at com.project.automaxn.BaseTest.setUp(BaseTest.java:16)
at java.base/java.util.ArrayList.forEach(ArrayList.java:1511)
Caused by: java.lang.RuntimeException: Failed to load configuration file.
at com.project.automaxn.resources.ConfigReader.<clinit>(ConfigReader.java:17)
... 37 more
... Removed 34 stack frames]]>
    </failure>
  </testcase> <!-- @BeforeMethod setUp -->
  <testcase classname="com.project.automaxn.BaseTest" name="@AfterMethod tearDown" time="0.0">
    <skipped/>
  </testcase> <!-- @AfterMethod tearDown -->
  <testcase classname="com.project.automaxn.AppTest" name="shouldAnswerWithFalse" time="0.005"/>
  <testcase classname="com.project.automaxn.AppTest" name="shouldAnswerWithTrue" time="0.002"/>
  <testcase classname="com.project.automaxn.LoginTest" name="verifyLogin" time="0.0">
    <skipped/>
  </testcase> <!-- verifyLogin -->
  <testcase classname="com.project.automaxn.MedicalLogTest" name="verifyLogOut" time="0.001"/>
  <testcase classname="com.project.automaxn.MedicalLogTest" name="verifyLogin" time="29.213"/>
</testsuite> <!-- Surefire test -->
